
  .   ____          _            __ _ _
 /\\ / ___'_ __ _ _(_)_ __  __ _ \ \ \ \
( ( )\___ | '_ | '_| | '_ \/ _` | \ \ \ \
 \\/  ___)| |_)| | | | | || (_| |  ) ) ) )
  '  |____| .__|_| |_|_| |_\__, | / / / /
 =========|_|==============|___/=/_/_/_/
 :: Spring Boot ::                (v3.2.5)

2026-05-23T12:48:15.716+07:00  INFO 21120 --- [spk-medika] [           main] com.medika.spk.SpkApplication            : Starting SpkApplication v1.0.0 using Java 17.0.12 with PID 21120 (C:\Dev\medika_dev\target\spk-1.0.0.jar started by Bintang Wijaya in C:\Dev\medika_dev)
2026-05-23T12:48:15.724+07:00  INFO 21120 --- [spk-medika] [           main] com.medika.spk.SpkApplication            : No active profile set, falling back to 1 default profile: "default"
2026-05-23T12:48:17.286+07:00  INFO 21120 --- [spk-medika] [           main] .s.d.r.c.RepositoryConfigurationDelegate : Bootstrapping Spring Data JPA repositories in DEFAULT mode.
2026-05-23T12:48:17.408+07:00  INFO 21120 --- [spk-medika] [           main] .s.d.r.c.RepositoryConfigurationDelegate : Finished Spring Data repository scanning in 104 ms. Found 7 JPA repository interfaces.
2026-05-23T12:48:18.823+07:00  INFO 21120 --- [spk-medika] [           main] o.s.b.w.embedded.tomcat.TomcatWebServer  : Tomcat initialized with port 8080 (http)
2026-05-23T12:48:18.882+07:00  INFO 21120 --- [spk-medika] [           main] o.apache.catalina.core.StandardService   : Starting service [Tomcat]
2026-05-23T12:48:18.883+07:00  INFO 21120 --- [spk-medika] [           main] o.apache.catalina.core.StandardEngine    : Starting Servlet engine: [Apache Tomcat/10.1.20]
2026-05-23T12:48:19.078+07:00  INFO 21120 --- [spk-medika] [           main] o.a.c.c.C.[Tomcat].[localhost].[/]       : Initializing Spring embedded WebApplicationContext
2026-05-23T12:48:19.086+07:00  INFO 21120 --- [spk-medika] [           main] w.s.c.ServletWebServerApplicationContext : Root WebApplicationContext: initialization completed in 3158 ms
2026-05-23T12:48:19.641+07:00  INFO 21120 --- [spk-medika] [           main] o.hibernate.jpa.internal.util.LogHelper  : HHH000204: Processing PersistenceUnitInfo [name: default]
2026-05-23T12:48:19.990+07:00  INFO 21120 --- [spk-medika] [           main] org.hibernate.Version                    : HHH000412: Hibernate ORM core version 6.4.4.Final
2026-05-23T12:48:20.197+07:00  INFO 21120 --- [spk-medika] [           main] o.h.c.internal.RegionFactoryInitiator    : HHH000026: Second-level cache disabled
2026-05-23T12:48:21.430+07:00  INFO 21120 --- [spk-medika] [           main] o.s.o.j.p.SpringPersistenceUnitInfo      : No LoadTimeWeaver setup: ignoring JPA class transformer
2026-05-23T12:48:21.622+07:00  INFO 21120 --- [spk-medika] [           main] com.zaxxer.hikari.HikariDataSource       : HikariPool-1 - Starting...
2026-05-23T12:48:22.292+07:00  INFO 21120 --- [spk-medika] [           main] com.zaxxer.hikari.pool.HikariPool        : HikariPool-1 - Added connection com.mysql.cj.jdbc.ConnectionImpl@75839695
2026-05-23T12:48:22.312+07:00  INFO 21120 --- [spk-medika] [           main] com.zaxxer.hikari.HikariDataSource       : HikariPool-1 - Start completed.
2026-05-23T12:48:22.464+07:00  WARN 21120 --- [spk-medika] [           main] org.hibernate.orm.deprecation            : HHH90000025: MySQL8Dialect does not need to be specified explicitly using 'hibernate.dialect' (remove the property setting and it will be selected by default)
2026-05-23T12:48:22.470+07:00  WARN 21120 --- [spk-medika] [           main] org.hibernate.orm.deprecation            : HHH90000026: MySQL8Dialect has been deprecated; use org.hibernate.dialect.MySQLDialect instead
2026-05-23T12:48:25.307+07:00  INFO 21120 --- [spk-medika] [           main] o.h.e.t.j.p.i.JtaPlatformInitiator       : HHH000489: No JTA platform available (set 'hibernate.transaction.jta.platform' to enable JTA platform integration)
2026-05-23T12:48:25.616+07:00  INFO 21120 --- [spk-medika] [           main] j.LocalContainerEntityManagerFactoryBean : Initialized JPA EntityManagerFactory for persistence unit 'default'
2026-05-23T12:48:27.491+07:00  INFO 21120 --- [spk-medika] [           main] o.s.d.j.r.query.QueryEnhancerFactory     : Hibernate is in classpath; If applicable, HQL parser will be used.
2026-05-23T12:48:30.299+07:00  INFO 21120 --- [spk-medika] [           main] o.s.b.a.w.s.WelcomePageHandlerMapping    : Adding welcome page: class path resource [static/index.html]
2026-05-23T12:48:31.946+07:00  INFO 21120 --- [spk-medika] [           main] o.s.b.w.embedded.tomcat.TomcatWebServer  : Tomcat started on port 8080 (http) with context path ''
2026-05-23T12:48:32.015+07:00  INFO 21120 --- [spk-medika] [           main] com.medika.spk.SpkApplication            : Started SpkApplication in 17.182 seconds (process running for 18.0)
2026-05-23T12:48:32.322+07:00  INFO 21120 --- [spk-medika] [           main] com.medika.spk.config.DataInitializer    : Data initializer selesai.
2026-05-23T12:48:47.402+07:00  INFO 21120 --- [spk-medika] [nio-8080-exec-1] o.a.c.c.C.[Tomcat].[localhost].[/]       : Initializing Spring DispatcherServlet 'dispatcherServlet'
2026-05-23T12:48:47.405+07:00  INFO 21120 --- [spk-medika] [nio-8080-exec-1] o.s.web.servlet.DispatcherServlet        : Initializing Servlet 'dispatcherServlet'
2026-05-23T12:48:47.408+07:00  INFO 21120 --- [spk-medika] [nio-8080-exec-1] o.s.web.servlet.DispatcherServlet        : Completed initialization in 2 ms
